<?xml version="1.0" encoding="UTF-8"?>
<testsuite xmlns:xsi="http://www.w3.org/2001/XMLSchema-instance" xsi:noNamespaceSchemaLocation="https://maven.apache.org/surefire/maven-surefire-plugin/xsd/surefire-test-report-3.0.xsd" version="3.0" name="com.example.lms.controller.MemberControllerIntegrationTest" time="3.709" tests="3" errors="0" skipped="0" failures="0">
  <properties>
[...]
</properties>
  <testcase name="addMember_duplicateEmail_shouldFailWithConflict" classname="com.example.lms.controller.MemberControllerIntegrationTest" time="0.612">
    <system-out><![CDATA[14:48:32.036 [main] INFO org.springframework.test.context.support.AnnotationConfigContextLoaderUtils -- Could not detect default configuration classes for test class [com.example.lms.controller.MemberControllerIntegrationTest]: MemberControllerIntegrationTest does not declare any static, non-private, non-final, nested classes annotated with @Configuration.
14:48:32.120 [main] INFO org.springframework.boot.test.context.SpringBootTestContextBootstrapper -- Found @SpringBootConfiguration com.example.lms.LibraryManagementSystemApplication for test class com.example.lms.controller.MemberControllerIntegrationTest

  .   ____          _            __ _ _
 /\\ / ___'_ __ _ _(_)_ __  __ _ \ \ \ \
( ( )\___ | '_ | '_| | '_ \/ _` | \ \ \ \
 \\/  ___)| |_)| | | | | || (_| |  ) ) ) )
  '  |____| .__|_| |_|_| |_\__, | / / / /
 =========|_|==============|___/=/_/_/_/
 :: Spring Boot ::                (v3.2.0)

2025-06-04T14:48:32.327+05:30  INFO 28379 --- [library-management-system] [           main] c.e.l.c.MemberControllerIntegrationTest  : Starting MemberControllerIntegrationTest using Java 21.0.5 with PID 28379 (started by archiskhuspe in /Users/archiskhuspe/Desktop/LibraryProjectNewUI)
2025-06-04T14:48:32.328+05:30  INFO 28379 --- [library-management-system] [           main] c.e.l.c.MemberControllerIntegrationTest  : No active profile set, falling back to 1 default profile: "default"
2025-06-04T14:48:32.739+05:30  INFO 28379 --- [library-management-system] [           main] .s.d.r.c.RepositoryConfigurationDelegate : Bootstrapping Spring Data JPA repositories in DEFAULT mode.
2025-06-04T14:48:32.779+05:30  INFO 28379 --- [library-management-system] [           main] .s.d.r.c.RepositoryConfigurationDelegate : Finished Spring Data repository scanning in 35 ms. Found 3 JPA repository interfaces.
2025-06-04T14:48:33.069+05:30  INFO 28379 --- [library-management-system] [           main] o.hibernate.jpa.internal.util.LogHelper  : HHH000204: Processing PersistenceUnitInfo [name: default]
2025-06-04T14:48:33.099+05:30  INFO 28379 --- [library-management-system] [           main] org.hibernate.Version                    : HHH000412: Hibernate ORM core version 6.3.1.Final
2025-06-04T14:48:33.118+05:30  INFO 28379 --- [library-management-system] [           main] o.h.c.internal.RegionFactoryInitiator    : HHH000026: Second-level cache disabled
2025-06-04T14:48:33.252+05:30  INFO 28379 --- [library-management-system] [           main] o.s.o.j.p.SpringPersistenceUnitInfo      : No LoadTimeWeaver setup: ignoring JPA class transformer
2025-06-04T14:48:33.268+05:30  INFO 28379 --- [library-management-system] [           main] com.zaxxer.hikari.HikariDataSource       : HikariPool-1 - Starting...
2025-06-04T14:48:33.369+05:30  INFO 28379 --- [library-management-system] [           main] com.zaxxer.hikari.pool.HikariPool        : HikariPool-1 - Added connection conn0: url=jdbc:h2:mem:lmsdb user=SA
2025-06-04T14:48:33.370+05:30  INFO 28379 --- [library-management-system] [           main] com.zaxxer.hikari.HikariDataSource       : HikariPool-1 - Start completed.
2025-06-04T14:48:33.385+05:30  WARN 28379 --- [library-management-system] [           main] org.hibernate.orm.deprecation            : HHH90000025: H2Dialect does not need to be specified explicitly using 'hibernate.dialect' (remove the property setting and it will be selected by default)
2025-06-04T14:48:33.882+05:30  INFO 28379 --- [library-management-system] [           main] o.h.e.t.j.p.i.JtaPlatformInitiator       : HHH000489: No JTA platform available (set 'hibernate.transaction.jta.platform' to enable JTA platform integration)
Hibernate: 
    create table books (
        id bigint generated by default as identity,
        author varchar(255) not null,
        is_deleted boolean not null,
        isbn varchar(255) not null,
        published_date date,
        title varchar(255) not null,
        primary key (id)
    )
Hibernate: 
    create table members (
        id bigint generated by default as identity,
        email varchar(255) not null,
        is_deleted boolean not null,
        join_date date not null,
        name varchar(255) not null,
        primary key (id)
    )
Hibernate: 
    create table user_roles (
        user_id bigint not null,
        role_name varchar(255) not null check (role_name in ('ROLE_USER','ROLE_LIBRARIAN')),
        primary key (user_id, role_name)
    )
Hibernate: 
    create table users (
        id bigint generated by default as identity,
        account_non_expired boolean not null,
        account_non_locked boolean not null,
        credentials_non_expired boolean not null,
        email varchar(255) not null,
        enabled boolean not null,
        password varchar(255) not null,
        username varchar(255) not null,
        primary key (id)
    )
Hibernate: 
    alter table if exists books 
       drop constraint if exists UK_kibbepcitr0a3cpk3rfr7nihn
Hibernate: 
    alter table if exists books 
       add constraint UK_kibbepcitr0a3cpk3rfr7nihn unique (isbn)
Hibernate: 
    alter table if exists members 
       drop constraint if exists UK_9d30a9u1qpg8eou0otgkwrp5d
Hibernate: 
    alter table if exists members 
       add constraint UK_9d30a9u1qpg8eou0otgkwrp5d unique (email)
Hibernate: 
    alter table if exists users 
       drop constraint if exists UK_6dotkott2kjsp8vw4d0m25fb7
Hibernate: 
    alter table if exists users 
       add constraint UK_6dotkott2kjsp8vw4d0m25fb7 unique (email)
Hibernate: 
    alter table if exists users 
       drop constraint if exists UK_r43af9ap4edm43mmtq01oddj6
Hibernate: 
    alter table if exists users 
       add constraint UK_r43af9ap4edm43mmtq01oddj6 unique (username)
Hibernate: 
    alter table if exists user_roles 
       add constraint FKhfh9dx7w3ubf1co1vdev94g3f 
       foreign key (user_id) 
       references users
2025-06-04T14:48:33.923+05:30  INFO 28379 --- [library-management-system] [           main] j.LocalContainerEntityManagerFactoryBean : Initialized JPA EntityManagerFactory for persistence unit 'default'
2025-06-04T14:48:34.321+05:30  WARN 28379 --- [library-management-system] [           main] JpaBaseConfiguration$JpaWebConfiguration : spring.jpa.open-in-view is enabled by default. Therefore, database queries may be performed during view rendering. Explicitly configure spring.jpa.open-in-view to disable this warning
2025-06-04T14:48:34.529+05:30  INFO 28379 --- [library-management-system] [           main] o.s.s.web.DefaultSecurityFilterChain     : Will secure any request with [org.springframework.security.web.session.DisableEncodeUrlFilter@60ae950f, org.springframework.security.web.context.request.async.WebAsyncManagerIntegrationFilter@321302bc, org.springframework.security.web.context.SecurityContextHolderFilter@b97f195, org.springframework.security.web.header.HeaderWriterFilter@7fae6f43, org.springframework.web.filter.CorsFilter@89dd102, org.springframework.security.web.authentication.logout.LogoutFilter@cfe72b0, com.example.lms.security.jwt.AuthTokenFilter@17d25e1d, org.springframework.security.web.savedrequest.RequestCacheAwareFilter@360d0c7a, org.springframework.security.web.servletapi.SecurityContextHolderAwareRequestFilter@32f8a37b, org.springframework.security.web.authentication.AnonymousAuthenticationFilter@2b826482, org.springframework.security.web.session.SessionManagementFilter@53630682, org.springframework.security.web.access.ExceptionTranslationFilter@5be8a92c, org.springframework.security.web.access.intercept.AuthorizationFilter@1dc9e4d2]
2025-06-04T14:48:34.705+05:30  INFO 28379 --- [library-management-system] [           main] o.s.b.a.h2.H2ConsoleAutoConfiguration    : H2 console available at '/h2-console'. Database available at 'jdbc:h2:mem:lmsdb'
2025-06-04T14:48:34.746+05:30 DEBUG 28379 --- [library-management-system] [           main] c.e.lms.security.jwt.AuthTokenFilter     : Filter 'authenticationJwtTokenFilter' configured for use
2025-06-04T14:48:34.747+05:30  INFO 28379 --- [library-management-system] [           main] o.s.b.t.m.w.SpringBootMockServletContext : Initializing Spring TestDispatcherServlet ''
2025-06-04T14:48:34.747+05:30  INFO 28379 --- [library-management-system] [           main] o.s.t.web.servlet.TestDispatcherServlet  : Initializing Servlet ''
2025-06-04T14:48:34.748+05:30  INFO 28379 --- [library-management-system] [           main] o.s.t.web.servlet.TestDispatcherServlet  : Completed initialization in 1 ms
2025-06-04T14:48:34.761+05:30  INFO 28379 --- [library-management-system] [           main] c.e.l.c.MemberControllerIntegrationTest  : Started MemberControllerIntegrationTest in 2.568 seconds (process running for 3.16)
Hibernate: 
    select
        m1_0.id,
        m1_0.email,
        m1_0.is_deleted,
        m1_0.join_date,
        m1_0.name 
    from
        members m1_0 
    where
        (
            m1_0.is_deleted = false
        )
Hibernate: 
    insert 
    into
        members
        (email, is_deleted, join_date, name, id) 
    values
        (?, ?, ?, ?, default)
2025-06-04T14:48:35.299+05:30 DEBUG 28379 --- [library-management-system] [           main] c.e.lms.security.jwt.AuthTokenFilter     : AuthTokenFilter: Processing request to /api/v1/members
2025-06-04T14:48:35.299+05:30 DEBUG 28379 --- [library-management-system] [           main] c.e.lms.security.jwt.AuthTokenFilter     : AuthTokenFilter: Authorization Header: null
2025-06-04T14:48:35.299+05:30 DEBUG 28379 --- [library-management-system] [           main] c.e.lms.security.jwt.AuthTokenFilter     : AuthTokenFilter: Parsed JWT: null
2025-06-04T14:48:35.300+05:30 DEBUG 28379 --- [library-management-system] [           main] c.e.lms.security.jwt.AuthTokenFilter     : AuthTokenFilter: No JWT token found in request headers.
2025-06-04T14:48:35.352+05:30  INFO 28379 --- [library-management-system] [           main] c.example.lms.service.MemberServiceImpl  : Attempting to add a new member with email: existing.member@example.com
Hibernate: 
    select
        m1_0.id 
    from
        members m1_0 
    where
        (
            m1_0.is_deleted = false
        ) 
        and m1_0.email=? 
    fetch
        first ? rows only
2025-06-04T14:48:35.368+05:30  WARN 28379 --- [library-management-system] [           main] c.example.lms.service.MemberServiceImpl  : Attempt to add member with duplicate active email: existing.member@example.com
2025-06-04T14:48:35.370+05:30 DEBUG 28379 --- [library-management-system] [           main] c.e.lms.security.jwt.AuthTokenFilter     : AuthTokenFilter: Finished processing request to /api/v1/members
]]></system-out>
    <system-err><![CDATA[WARNING: A Java agent has been loaded dynamically (/Users/archiskhuspe/.m2/repository/net/bytebuddy/byte-buddy-agent/1.14.10/byte-buddy-agent-1.14.10.jar)
WARNING: If a serviceability tool is in use, please run with -XX:+EnableDynamicAgentLoading to hide this warning
WARNING: If a serviceability tool is not in use, please run with -Djdk.instrument.traceUsage for more information
WARNING: Dynamic loading of agents will be disallowed by default in a future release
]]></system-err>
  </testcase>
  <testcase name="memberCrudFlow_createRetrieveUpdateDelete" classname="com.example.lms.controller.MemberControllerIntegrationTest" time="0.227">
    <system-out><![CDATA[Hibernate: 
    select
        m1_0.id,
        m1_0.email,
        m1_0.is_deleted,
        m1_0.join_date,
        m1_0.name 
    from
        members m1_0 
    where
        (
            m1_0.is_deleted = false
        )
2025-06-04T14:48:35.386+05:30 DEBUG 28379 --- [library-management-system] [           main] c.e.lms.security.jwt.AuthTokenFilter     : AuthTokenFilter: Processing request to /api/v1/members
2025-06-04T14:48:35.386+05:30 DEBUG 28379 --- [library-management-system] [           main] c.e.lms.security.jwt.AuthTokenFilter     : AuthTokenFilter: Authorization Header: null
2025-06-04T14:48:35.386+05:30 DEBUG 28379 --- [library-management-system] [           main] c.e.lms.security.jwt.AuthTokenFilter     : AuthTokenFilter: Parsed JWT: null
2025-06-04T14:48:35.386+05:30 DEBUG 28379 --- [library-management-system] [           main] c.e.lms.security.jwt.AuthTokenFilter     : AuthTokenFilter: No JWT token found in request headers.
2025-06-04T14:48:35.387+05:30  INFO 28379 --- [library-management-system] [           main] c.example.lms.service.MemberServiceImpl  : Attempting to add a new member with email: crud.member@example.com
Hibernate: 
    select
        m1_0.id 
    from
        members m1_0 
    where
        (
            m1_0.is_deleted = false
        ) 
        and m1_0.email=? 
    fetch
        first ? rows only
Hibernate: 
    insert 
    into
        members
        (email, is_deleted, join_date, name, id) 
    values
        (?, ?, ?, ?, default)
2025-06-04T14:48:35.389+05:30  INFO 28379 --- [library-management-system] [           main] c.example.lms.service.MemberServiceImpl  : Successfully added member with ID: 2 and email: crud.member@example.com
2025-06-04T14:48:35.398+05:30 DEBUG 28379 --- [library-management-system] [           main] c.e.lms.security.jwt.AuthTokenFilter     : AuthTokenFilter: Finished processing request to /api/v1/members
2025-06-04T14:48:35.421+05:30 DEBUG 28379 --- [library-management-system] [           main] c.e.lms.security.jwt.AuthTokenFilter     : AuthTokenFilter: Processing request to /api/v1/members/2
2025-06-04T14:48:35.421+05:30 DEBUG 28379 --- [library-management-system] [           main] c.e.lms.security.jwt.AuthTokenFilter     : AuthTokenFilter: Authorization Header: null
2025-06-04T14:48:35.421+05:30 DEBUG 28379 --- [library-management-system] [           main] c.e.lms.security.jwt.AuthTokenFilter     : AuthTokenFilter: Parsed JWT: null
2025-06-04T14:48:35.421+05:30 DEBUG 28379 --- [library-management-system] [           main] c.e.lms.security.jwt.AuthTokenFilter     : AuthTokenFilter: No JWT token found in request headers.
2025-06-04T14:48:35.426+05:30 DEBUG 28379 --- [library-management-system] [           main] c.e.lms.security.jwt.AuthTokenFilter     : AuthTokenFilter: Finished processing request to /api/v1/members/2
2025-06-04T14:48:35.428+05:30 DEBUG 28379 --- [library-management-system] [           main] c.e.lms.security.jwt.AuthTokenFilter     : AuthTokenFilter: Processing request to /api/v1/members/2
2025-06-04T14:48:35.428+05:30 DEBUG 28379 --- [library-management-system] [           main] c.e.lms.security.jwt.AuthTokenFilter     : AuthTokenFilter: Authorization Header: null
2025-06-04T14:48:35.428+05:30 DEBUG 28379 --- [library-management-system] [           main] c.e.lms.security.jwt.AuthTokenFilter     : AuthTokenFilter: Parsed JWT: null
2025-06-04T14:48:35.428+05:30 DEBUG 28379 --- [library-management-system] [           main] c.e.lms.security.jwt.AuthTokenFilter     : AuthTokenFilter: No JWT token found in request headers.
2025-06-04T14:48:35.432+05:30  INFO 28379 --- [library-management-system] [           main] c.example.lms.service.MemberServiceImpl  : Attempting to update member with ID: 2
2025-06-04T14:48:35.433+05:30  INFO 28379 --- [library-management-system] [           main] c.example.lms.service.MemberServiceImpl  : Email is being updated for member ID: 2. New email: crud.member.updated@example.com, Old email: crud.member@example.com
Hibernate: 
    update
        members 
    set
        email=?,
        is_deleted=?,
        join_date=?,
        name=? 
    where
        id=?
Hibernate: 
    select
        m1_0.id 
    from
        members m1_0 
    where
        (
            m1_0.is_deleted = false
        ) 
        and m1_0.email=? 
    fetch
        first ? rows only
2025-06-04T14:48:35.440+05:30  INFO 28379 --- [library-management-system] [           main] c.example.lms.service.MemberServiceImpl  : Successfully updated member with ID: 2
2025-06-04T14:48:35.440+05:30 DEBUG 28379 --- [library-management-system] [           main] c.e.lms.security.jwt.AuthTokenFilter     : AuthTokenFilter: Finished processing request to /api/v1/members/2
2025-06-04T14:48:35.442+05:30 DEBUG 28379 --- [library-management-system] [           main] c.e.lms.security.jwt.AuthTokenFilter     : AuthTokenFilter: Processing request to /api/v1/members/2
2025-06-04T14:48:35.443+05:30 DEBUG 28379 --- [library-management-system] [           main] c.e.lms.security.jwt.AuthTokenFilter     : AuthTokenFilter: Authorization Header: null
2025-06-04T14:48:35.443+05:30 DEBUG 28379 --- [library-management-system] [           main] c.e.lms.security.jwt.AuthTokenFilter     : AuthTokenFilter: Parsed JWT: null
2025-06-04T14:48:35.443+05:30 DEBUG 28379 --- [library-management-system] [           main] c.e.lms.security.jwt.AuthTokenFilter     : AuthTokenFilter: No JWT token found in request headers.
2025-06-04T14:48:35.443+05:30  INFO 28379 --- [library-management-system] [           main] c.example.lms.service.MemberServiceImpl  : Attempting to soft delete member with ID: 2
2025-06-04T14:48:35.445+05:30  INFO 28379 --- [library-management-system] [           main] c.example.lms.service.MemberServiceImpl  : Successfully soft-deleted member with ID: 2
2025-06-04T14:48:35.446+05:30 DEBUG 28379 --- [library-management-system] [           main] c.e.lms.security.jwt.AuthTokenFilter     : AuthTokenFilter: Finished processing request to /api/v1/members/2
2025-06-04T14:48:35.447+05:30 DEBUG 28379 --- [library-management-system] [           main] c.e.lms.security.jwt.AuthTokenFilter     : AuthTokenFilter: Processing request to /api/v1/members/2
2025-06-04T14:48:35.447+05:30 DEBUG 28379 --- [library-management-system] [           main] c.e.lms.security.jwt.AuthTokenFilter     : AuthTokenFilter: Authorization Header: null
2025-06-04T14:48:35.447+05:30 DEBUG 28379 --- [library-management-system] [           main] c.e.lms.security.jwt.AuthTokenFilter     : AuthTokenFilter: Parsed JWT: null
2025-06-04T14:48:35.447+05:30 DEBUG 28379 --- [library-management-system] [           main] c.e.lms.security.jwt.AuthTokenFilter     : AuthTokenFilter: No JWT token found in request headers.
2025-06-04T14:48:35.447+05:30  WARN 28379 --- [library-management-system] [           main] c.example.lms.service.MemberServiceImpl  : Member not found with ID: 2
2025-06-04T14:48:35.448+05:30 DEBUG 28379 --- [library-management-system] [           main] c.e.lms.security.jwt.AuthTokenFilter     : AuthTokenFilter: Finished processing request to /api/v1/members/2
Hibernate: 
    UPDATE
        members 
    SET
        is_deleted = true 
    WHERE
        id = ?
Hibernate: 
    select
        count(*) 
    from
        members m1_0 
    where
        (
            m1_0.is_deleted = false
        )
]]></system-out>
  </testcase>
  <testcase name="getAllMembers_withPagination" classname="com.example.lms.controller.MemberControllerIntegrationTest" time="0.026">
    <system-out><![CDATA[Hibernate: 
    select
        m1_0.id,
        m1_0.email,
        m1_0.is_deleted,
        m1_0.join_date,
        m1_0.name 
    from
        members m1_0 
    where
        (
            m1_0.is_deleted = false
        )
Hibernate: 
    insert 
    into
        members
        (email, is_deleted, join_date, name, id) 
    values
        (?, ?, ?, ?, default)
Hibernate: 
    insert 
    into
        members
        (email, is_deleted, join_date, name, id) 
    values
        (?, ?, ?, ?, default)
Hibernate: 
    insert 
    into
        members
        (email, is_deleted, join_date, name, id) 
    values
        (?, ?, ?, ?, default)
2025-06-04T14:48:35.614+05:30 DEBUG 28379 --- [library-management-system] [           main] c.e.lms.security.jwt.AuthTokenFilter     : AuthTokenFilter: Processing request to /api/v1/members
2025-06-04T14:48:35.614+05:30 DEBUG 28379 --- [library-management-system] [           main] c.e.lms.security.jwt.AuthTokenFilter     : AuthTokenFilter: Authorization Header: null
2025-06-04T14:48:35.614+05:30 DEBUG 28379 --- [library-management-system] [           main] c.e.lms.security.jwt.AuthTokenFilter     : AuthTokenFilter: Parsed JWT: null
2025-06-04T14:48:35.614+05:30 DEBUG 28379 --- [library-management-system] [           main] c.e.lms.security.jwt.AuthTokenFilter     : AuthTokenFilter: No JWT token found in request headers.
Hibernate: 
    select
        m1_0.id,
        m1_0.email,
        m1_0.is_deleted,
        m1_0.join_date,
        m1_0.name 
    from
        members m1_0 
    where
        (
            m1_0.is_deleted = false
        ) 
    order by
        m1_0.name 
    offset
        ? rows 
    fetch
        first ? rows only
Hibernate: 
    select
        count(m1_0.id) 
    from
        members m1_0 
    where
        (
            m1_0.is_deleted = false
        )
2025-06-04T14:48:35.624+05:30  INFO 28379 --- [library-management-system] [           main] c.example.lms.service.MemberServiceImpl  : Found 3 members.
2025-06-04T14:48:35.633+05:30 DEBUG 28379 --- [library-management-system] [           main] c.e.lms.security.jwt.AuthTokenFilter     : AuthTokenFilter: Finished processing request to /api/v1/members
]]></system-out>
  </testcase>
</testsuite>